#
# There is insufficient memory for the Java Runtime Environment to continue.
# Native memory allocation (malloc) failed to allocate 1048576 bytes for AllocateHeap
# Possible reasons:
#   The system is out of physical RAM or swap space
#   In 32 bit mode, the process size limit was hit
# Possible solutions:
#   Reduce memory load on the system
#   Increase physical memory or swap space
#   Check if swap backing store is full
#   Use 64 bit Java on a 64 bit OS
#   Decrease Java heap size (-Xmx/-Xms)
#   Decrease number of Java threads
#   Decrease Java thread stack sizes (-Xss)
#   Set larger code cache with -XX:ReservedCodeCacheSize=
# This output file may be truncated or incomplete.
#
#  Out of Memory Error (memory/allocation.inline.hpp:61), pid=8332, tid=0x00000000000039f4
#
# JRE version:  (8.0) (build )
# Java VM: OpenJDK 64-Bit Server VM (25.71-b00 mixed mode windows-amd64 compressed oops)
# Failed to write core dump. Minidumps are not enabled by default on client versions of Windows
#

---------------  T H R E A D  ---------------

Current thread (0x0000000002e32800):  JavaThread "Unknown thread" [_thread_in_vm, id=14836, stack(0x0000000002d30000,0x0000000002e30000)]

Stack: [0x0000000002d30000,0x0000000002e30000]
[error occurred during error reporting (printing stack bounds), id 0xc0000005]

Native frames: (J=compiled Java code, j=interpreted, Vv=VM code, C=native code)


---------------  P R O C E S S  ---------------

Java Threads: ( => current thread )

Other Threads:

=>0x0000000002e32800 (exited) JavaThread "Unknown thread" [_thread_in_vm, id=14836, stack(0x0000000002d30000,0x0000000002e30000)]

VM state:not at safepoint (normal execution)

VM Mutex/Monitor currently owned by a thread: None

Heap:
 PSYoungGen      total 18944K, used 327K [0x00000000feb00000, 0x0000000100000000, 0x0000000100000000)
  eden space 16384K, 2% used [0x00000000feb00000,0x00000000feb51ec8,0x00000000ffb00000)
  from space 2560K, 0% used [0x00000000ffd80000,0x00000000ffd80000,0x0000000100000000)
  to   space 2560K, 0% used [0x00000000ffb00000,0x00000000ffb00000,0x00000000ffd80000)
 ParOldGen       total 44032K, used 0K [0x00000000fc000000, 0x00000000feb00000, 0x00000000feb00000)
  object space 44032K, 0% used [0x00000000fc000000,0x00000000fc000000,0x00000000feb00000)
 Metaspace       used 784K, capacity 1156K, committed 1408K, reserved 1060864K
  class space    used 74K, capacity 384K, committed 384K, reserved 1048576K

Card table byte_map: [0x0000000002c90000,0x0000000002cc0000] byte_map_base: 0x00000000024b0000

Marking Bits: (ParMarkBitMap*) 0x000000005ff8be50
 Begin Bits: [0x0000000012af0000, 0x0000000012bf0000)
 End Bits:   [0x0000000012bf0000, 0x0000000012cf0000)

Polling page: 0x0000000000bf0000

CodeCache: size=245760Kb used=328Kb max_used=328Kb free=245431Kb
 bounds [0x0000000002f30000, 0x00000000031a0000, 0x0000000011f30000]
 total_blobs=57 nmethods=0 adapters=38
 compilation: enabled

Compilation events (0 events):
No events

GC Heap History (0 events):
No events

Deoptimization events (0 events):
No events

Classes redefined (0 events):
No events

Internal exceptions (0 events):
No events

Events (10 events):
Event: 0.014 loading class java/lang/Short
Event: 0.014 loading class java/lang/Short done
Event: 0.014 loading class java/lang/Integer
Event: 0.014 loading class java/lang/Integer done
Event: 0.014 loading class java/lang/Long
Event: 0.014 loading class java/lang/Long done
Event: 0.014 loading class java/lang/NullPointerException
Event: 0.014 loading class java/lang/NullPointerException done
Event: 0.014 loading class java/lang/ArithmeticException
Event: 0.014 loading class java/lang/ArithmeticException done


Dynamic libraries:
0x00007ff6b0830000 - 0x00007ff6b0865000 	E:\Unity\2019.2.17f1\Editor\Data\PlaybackEngines\AndroidPlayer\Tools\OpenJDK\Windows\bin\java.exe
0x00007ffbf1490000 - 0x00007ffbf167d000 	C:\WINDOWS\SYSTEM32\ntdll.dll
0x00007ffbeff00000 - 0x00007ffbeffb3000 	C:\WINDOWS\System32\KERNEL32.DLL
0x00007ffbed550000 - 0x00007ffbed7e3000 	C:\WINDOWS\System32\KERNELBASE.dll
0x00007ffbefc80000 - 0x00007ffbefd23000 	C:\WINDOWS\System32\ADVAPI32.dll
0x00007ffbf08b0000 - 0x00007ffbf094e000 	C:\WINDOWS\System32\msvcrt.dll
0x00007ffbf0810000 - 0x00007ffbf08ae000 	C:\WINDOWS\System32\sechost.dll
0x00007ffbefd70000 - 0x00007ffbefe92000 	C:\WINDOWS\System32\RPCRT4.dll
0x00007ffbf0070000 - 0x00007ffbf0207000 	C:\WINDOWS\System32\USER32.dll
0x00007ffbed8e0000 - 0x00007ffbed900000 	C:\WINDOWS\System32\win32u.dll
0x00007ffbefd30000 - 0x00007ffbefd59000 	C:\WINDOWS\System32\GDI32.dll
0x00007ffbee4b0000 - 0x00007ffbee649000 	C:\WINDOWS\System32\gdi32full.dll
0x00007ffbed820000 - 0x00007ffbed8c0000 	C:\WINDOWS\System32\msvcp_win.dll
0x00007ffbee3b0000 - 0x00007ffbee4aa000 	C:\WINDOWS\System32\ucrtbase.dll
0x00007ffbe1d90000 - 0x00007ffbe2009000 	C:\WINDOWS\WinSxS\amd64_microsoft.windows.common-controls_6595b64144ccf1df_6.0.17763.973_none_05b245900721eb81\COMCTL32.dll
0x00007ffbf03c0000 - 0x00007ffbf06ec000 	C:\WINDOWS\System32\combase.dll
0x00007ffbee050000 - 0x00007ffbee0ce000 	C:\WINDOWS\System32\bcryptPrimitives.dll
0x00007ffbf0380000 - 0x00007ffbf03ae000 	C:\WINDOWS\System32\IMM32.DLL
0x0000000060010000 - 0x00000000600e2000 	E:\Unity\2019.2.17f1\Editor\Data\PlaybackEngines\AndroidPlayer\Tools\OpenJDK\Windows\jre\bin\msvcr100.dll
0x000000005f7c0000 - 0x0000000060009000 	E:\Unity\2019.2.17f1\Editor\Data\PlaybackEngines\AndroidPlayer\Tools\OpenJDK\Windows\jre\bin\server\jvm.dll
0x00007ffbf0800000 - 0x00007ffbf0808000 	C:\WINDOWS\System32\PSAPI.DLL
0x00007ffbe9d40000 - 0x00007ffbe9d49000 	C:\WINDOWS\SYSTEM32\WSOCK32.dll
0x00007ffbd9c50000 - 0x00007ffbd9c74000 	C:\WINDOWS\SYSTEM32\WINMM.dll
0x00007ffbe9eb0000 - 0x00007ffbe9eba000 	C:\WINDOWS\SYSTEM32\VERSION.dll
0x00007ffbf0290000 - 0x00007ffbf02fd000 	C:\WINDOWS\System32\WS2_32.dll
0x00007ffbd9c20000 - 0x00007ffbd9c4d000 	C:\WINDOWS\SYSTEM32\WINMMBASE.dll
0x00007ffbee0d0000 - 0x00007ffbee11a000 	C:\WINDOWS\System32\cfgmgr32.dll
0x00007ffbe7b60000 - 0x00007ffbe7b6f000 	E:\Unity\2019.2.17f1\Editor\Data\PlaybackEngines\AndroidPlayer\Tools\OpenJDK\Windows\jre\bin\verify.dll
0x00007ffbb8c30000 - 0x00007ffbb8c59000 	E:\Unity\2019.2.17f1\Editor\Data\PlaybackEngines\AndroidPlayer\Tools\OpenJDK\Windows\jre\bin\java.dll
0x00007ffbb9630000 - 0x00007ffbb9646000 	E:\Unity\2019.2.17f1\Editor\Data\PlaybackEngines\AndroidPlayer\Tools\OpenJDK\Windows\jre\bin\zip.dll

VM Arguments:
jvm_args: -Xmx64M -Dcom.android.sdkmanager.toolsdir=E:/Unity/2019.2.17f1/Editor/Data/PlaybackEngines/AndroidPlayer\SDK\tools -Dfile.encoding=UTF8 
java_command: E:/Unity/2019.2.17f1/Editor/Data/PlaybackEngines/AndroidPlayer/Tools\sdktools.jar -
java_class_path (initial): E:/Unity/2019.2.17f1/Editor/Data/PlaybackEngines/AndroidPlayer/Tools\sdktools.jar
Launcher Type: SUN_STANDARD

Environment Variables:
JAVA_HOME=E:/Unity/2019.2.17f1/Editor/Data/PlaybackEngines/AndroidPlayer/Tools\OpenJDK\Windows
PATH=C:\Program Files (x86)\Common Files\Intel\Shared Libraries\redist\intel64\compiler;C:\Program Files\Microsoft MPI\Bin\;C:\Program Files (x86)\Common Files\Oracle\Java\javapath;C:\PROGRA~2\Borland\CBuilder6\Bin;C:\PROGRA~2\Borland\CBuilder6\Projects\Bpl;C:\ProgramData\Oracle\Java\javapath;C:\Windows\system32;C:\Windows;C:\Windows\System32\Wbem;C:\Windows\System32\WindowsPowerShell\v1.0\;C:\WINDOWS\system32;C:\WINDOWS;C:\WINDOWS\System32\Wbem;C:\WINDOWS\System32\WindowsPowerShell\v1.0\;C:\Program Files (x86)\Windows Live\Shared;C:\Program Files (x86)\NVIDIA Corporation\PhysX\Common;C:\Program Files (x86)\Windows Kits\10\Windows Performance Toolkit\;C:\Program Files\dotnet\;C:\WINDOWS\System32\OpenSSH\;C:\Program Files\NVIDIA Corporation\NVIDIA NvDLISR;E:\JAVADEVkit\bin;C:\Program Files\Microsoft SQL Server\Client SDK\ODBC\130\Tools\Binn\;C:\Program Files (x86)\Microsoft SQL Server\140\Tools\Binn\;C:\Program Files\Microsoft SQL Server\140\Tools\Binn\;C:\Program Files\Microsoft SQL Server\140\DTS\Binn\;C:\Program Files (x86)\Microsoft SQL Server\140\DTS\Binn\;C:\Program Files\Java\jdk-11.0.2\bin;C:\WINDOWS\system32;C:\WINDOWS;C:\WINDOWS\System32\Wbem;C:\WINDOWS\System32\WindowsPowerShell\v1.0\;C:\WINDOWS\System32\OpenSSH\;C:\Program Files\Common Files\Autodesk Shared\;C:\Program Files\Git\cmd;C:\Program Files\CMake\bin;e:\Program Files\JetBrains\CLion 2019.3.1\bin
USERNAME=Kuba
OS=Windows_NT
PROCESSOR_IDENTIFIER=Intel64 Family 6 Model 94 Stepping 3, GenuineIntel



---------------  S Y S T E M  ---------------

OS: Windows 10.0 , 64 bit Build 17763 (10.0.17763.475)

CPU:total 8 (initial active 8) (4 cores per cpu, 2 threads per core) family 6 model 94 stepping 3, cmov, cx8, fxsr, mmx, sse, sse2, sse3, ssse3, sse4.1, sse4.2, popcnt, avx, avx2, aes, clmul, erms, rtm, 3dnowpref, lzcnt, ht, tsc, tscinvbit, bmi1, bmi2, adx

Memory: 4k page, physical 16739988k(7244136k free), swap 31321872k(6068k free)

vm_info: OpenJDK 64-Bit Server VM (25.71-b00) for windows-amd64 JRE (1.8.0-adoptopenjdk-_2018_05_19_00_59-b00), built on May 19 2018 01:02:12 by "jenkins" with MS VC++ 10.0 (VS2010)

time: Fri Jan 24 19:16:14 2020
elapsed time: 0 seconds (0d 0h 0m 0s)

